[0m15:08:25.795313 [debug] [MainThread]: Sending event: {'category': 'dbt', 'action': 'invocation', 'label': 'start', 'context': [<snowplow_tracker.self_describing_json.SelfDescribingJson object at 0x000001C4B61CC710>, <snowplow_tracker.self_describing_json.SelfDescribingJson object at 0x000001C4B61CAAD0>, <snowplow_tracker.self_describing_json.SelfDescribingJson object at 0x000001C4B61CD910>]}


============================== 15:08:25.800334 | 4b50f984-d188-4e24-87f0-7fa1dc09ae9c ==============================
[0m15:08:25.800334 [info ] [MainThread]: Running with dbt=1.7.9
[0m15:08:25.802906 [debug] [MainThread]: running dbt with arguments {'static_parser': 'True', 'no_print': 'None', 'version_check': 'True', 'target_path': 'None', 'warn_error_options': 'WarnErrorOptions(include=[], exclude=[])', 'printer_width': '80', 'write_json': 'True', 'introspect': 'True', 'log_cache_events': 'False', 'cache_selected_only': 'False', 'fail_fast': 'False', 'debug': 'False', 'log_format': 'default', 'profiles_dir': 'C:\\Users\\founo\\.dbt', 'send_anonymous_usage_stats': 'True', 'quiet': 'False', 'warn_error': 'None', 'partial_parse': 'True', 'use_colors': 'True', 'invocation_command': 'dbt init', 'indirect_selection': 'eager', 'use_experimental_parser': 'False', 'log_path': 'logs'}
[0m15:08:25.804158 [warn ] [MainThread]: [ConfigFolderDirectory]: Unable to parse dict {'dir': WindowsPath('C:/Users/founo/.dbt')}
[0m15:08:25.805083 [info ] [MainThread]: Creating dbt configuration folder at 
[0m15:09:35.332352 [debug] [MainThread]: Starter project path: D:\WILD\ETL\DBT_DEMO\env2_dbt\Lib\site-packages\dbt\include\starter_project
[0m15:09:35.351750 [info ] [MainThread]: 
Your new dbt project "Exo_etl" was created!

For more information on how to configure the profiles.yml file,
please consult the dbt documentation here:

  https://docs.getdbt.com/docs/configure-your-profile

One more thing:

Need help? Don't hesitate to reach out to us via GitHub issues or on Slack:

  https://community.getdbt.com/

Happy modeling!

[0m15:09:35.354741 [info ] [MainThread]: Setting up your profile.
[0m15:10:38.928752 [info ] [MainThread]: Profile Exo_etl written to C:\Users\founo\.dbt\profiles.yml using target's sample configuration. Once updated, you'll be able to start developing with dbt.
[0m15:10:38.931781 [debug] [MainThread]: Command `dbt init` succeeded at 15:10:38.930765 after 133.18 seconds
[0m15:10:38.931781 [debug] [MainThread]: Sending event: {'category': 'dbt', 'action': 'invocation', 'label': 'end', 'context': [<snowplow_tracker.self_describing_json.SelfDescribingJson object at 0x000001C4B5625710>, <snowplow_tracker.self_describing_json.SelfDescribingJson object at 0x000001C4AF6077D0>, <snowplow_tracker.self_describing_json.SelfDescribingJson object at 0x000001C4AF690590>]}
[0m15:10:38.932744 [debug] [MainThread]: Flushing usage events
